#
# There is insufficient memory for the Java Runtime Environment to continue.
# Native memory allocation (malloc) failed to allocate 32744 bytes. Error detail: Chunk::new
# Possible reasons:
#   The system is out of physical RAM or swap space
#   This process is running with CompressedOops enabled, and the Java Heap may be blocking the growth of the native heap
# Possible solutions:
#   Reduce memory load on the system
#   Increase physical memory or swap space
#   Check if swap backing store is full
#   Decrease Java heap size (-Xmx/-Xms)
#   Decrease number of Java threads
#   Decrease Java thread stack sizes (-Xss)
#   Set larger code cache with -XX:ReservedCodeCacheSize=
#   JVM is running with Unscaled Compressed Oops mode in which the Java heap is
#     placed in the first 4GB address space. The Java Heap base address is the
#     maximum limit for the native heap growth. Please use -XX:HeapBaseMinAddress
#     to set the Java Heap base and to place the Java Heap above 4GB virtual address.
# This output file may be truncated or incomplete.
#
#  Out of Memory Error (arena.cpp:149), pid=10492, tid=34152
#
# JRE version: OpenJDK Runtime Environment (23.0.2+7) (build 23.0.2+7-58)
# Java VM: OpenJDK 64-Bit Server VM (23.0.2+7-58, mixed mode, emulated-client, sharing, tiered, compressed oops, compressed class ptrs, g1 gc, windows-amd64)
# No core dump will be written. Minidumps are not enabled by default on client versions of Windows
#

---------------  S U M M A R Y ------------

Command Line: -XX:TieredStopAtLevel=1 -Dspring.output.ansi.enabled=always -Dcom.sun.management.jmxremote -Dspring.jmx.enabled=true -Dspring.liveBeansView.mbeanDomain -Dspring.application.admin.enabled=true -Dmanagement.endpoints.jmx.exposure.include=* -javaagent:C:\Program Files\JetBrains\IntelliJ IDEA 2024.3.2.1\lib\idea_rt.jar=53124:C:\Program Files\JetBrains\IntelliJ IDEA 2024.3.2.1\bin -Dfile.encoding=UTF-8 -Dsun.stdout.encoding=UTF-8 -Dsun.stderr.encoding=UTF-8 com.example.person.PersonApplication

Host: AMD Ryzen 5 3500U with Radeon Vega Mobile Gfx  , 8 cores, 5G,  Windows 10 , 64 bit Build 19041 (10.0.19041.5438)
Time: Thu Mar 20 22:02:37 2025  Windows 10 , 64 bit Build 19041 (10.0.19041.5438) elapsed time: 2.652631 seconds (0d 0h 0m 2s)

---------------  T H R E A D  ---------------

Current thread (0x000001e86a067d50):  JavaThread "C1 CompilerThread1" daemon [_thread_in_native, id=34152, stack(0x0000004c03f00000,0x0000004c04000000) (1024K)]


Current CompileTask:
C1:2652  485       1       jdk.internal.org.objectweb.asm.Frame::execute (2305 bytes)

Stack: [0x0000004c03f00000,0x0000004c04000000]
Native frames: (J=compiled Java code, j=interpreted, Vv=VM code, C=native code)
V  [jvm.dll+0x6e0b99]  (no source info available)
V  [jvm.dll+0x87e2b3]  (no source info available)
V  [jvm.dll+0x88073e]  (no source info available)
V  [jvm.dll+0x880e13]  (no source info available)
V  [jvm.dll+0x27b006]  (no source info available)
V  [jvm.dll+0xbc06f]  (no source info available)
V  [jvm.dll+0xbc2cb]  (no source info available)
V  [jvm.dll+0x192e12]  (no source info available)
V  [jvm.dll+0x192d33]  (no source info available)
V  [jvm.dll+0x1947b8]  (no source info available)
V  [jvm.dll+0x193724]  (no source info available)
V  [jvm.dll+0x1939ea]  (no source info available)
V  [jvm.dll+0x19570e]  (no source info available)
V  [jvm.dll+0x150a72]  (no source info available)
V  [jvm.dll+0x15022f]  (no source info available)
V  [jvm.dll+0x1504db]  (no source info available)
V  [jvm.dll+0x14f8a8]  (no source info available)
V  [jvm.dll+0x1516ed]  (no source info available)
V  [jvm.dll+0x253df1]  (no source info available)
V  [jvm.dll+0x2520aa]  (no source info available)
V  [jvm.dll+0x3ee226]  (no source info available)
V  [jvm.dll+0x8254cb]  (no source info available)
V  [jvm.dll+0x6df345]  (no source info available)
C  [ucrtbase.dll+0x21bb2]  (no source info available)
C  [KERNEL32.DLL+0x17374]  (no source info available)
C  [ntdll.dll+0x4cc91]  (no source info available)

Lock stack of current Java thread (top to bottom):


---------------  P R O C E S S  ---------------

Threads class SMR info:
_java_thread_list=0x000001e8455fff40, length=13, elements={
0x000001e859de3fa0, 0x000001e86a009da0, 0x000001e86a00ae70, 0x000001e86a00bf40,
0x000001e86a0101e0, 0x000001e86a011050, 0x000001e86a011ab0, 0x000001e86a012510,
0x000001e86a067d50, 0x000001e86a06c5e0, 0x000001e8450e6970, 0x000001e8455f7040,
0x000001e8455f76b0
}

Java Threads: ( => current thread )
  0x000001e859de3fa0 JavaThread "main"                              [_thread_in_vm, id=36508, stack(0x0000004c03000000,0x0000004c03100000) (1024K)]
  0x000001e86a009da0 JavaThread "Reference Handler"          daemon [_thread_blocked, id=15200, stack(0x0000004c03800000,0x0000004c03900000) (1024K)]
  0x000001e86a00ae70 JavaThread "Finalizer"                  daemon [_thread_blocked, id=30380, stack(0x0000004c03900000,0x0000004c03a00000) (1024K)]
  0x000001e86a00bf40 JavaThread "Signal Dispatcher"          daemon [_thread_blocked, id=35200, stack(0x0000004c03a00000,0x0000004c03b00000) (1024K)]
  0x000001e86a0101e0 JavaThread "Attach Listener"            daemon [_thread_blocked, id=28008, stack(0x0000004c03b00000,0x0000004c03c00000) (1024K)]
  0x000001e86a011050 JavaThread "Service Thread"             daemon [_thread_blocked, id=34060, stack(0x0000004c03c00000,0x0000004c03d00000) (1024K)]
  0x000001e86a011ab0 JavaThread "Monitor Deflation Thread"   daemon [_thread_blocked, id=21664, stack(0x0000004c03d00000,0x0000004c03e00000) (1024K)]
  0x000001e86a012510 JavaThread "C1 CompilerThread0"         daemon [_thread_blocked, id=5828, stack(0x0000004c03e00000,0x0000004c03f00000) (1024K)]
=>0x000001e86a067d50 JavaThread "C1 CompilerThread1"         daemon [_thread_in_native, id=34152, stack(0x0000004c03f00000,0x0000004c04000000) (1024K)]
  0x000001e86a06c5e0 JavaThread "C1 CompilerThread2"         daemon [_thread_blocked, id=34548, stack(0x0000004c04000000,0x0000004c04100000) (1024K)]
  0x000001e8450e6970 JavaThread "Common-Cleaner"             daemon [_thread_blocked, id=4796, stack(0x0000004c04100000,0x0000004c04200000) (1024K)]
  0x000001e8455f7040 JavaThread "Monitor Ctrl-Break"         daemon [_thread_in_native, id=32252, stack(0x0000004c04300000,0x0000004c04400000) (1024K)]
  0x000001e8455f76b0 JavaThread "Notification Thread"        daemon [_thread_blocked, id=2516, stack(0x0000004c04400000,0x0000004c04500000) (1024K)]
Total: 13

Other Threads:
  0x000001e869fef4d0 VMThread "VM Thread"                           [id=5556, stack(0x0000004c03700000,0x0000004c03800000) (1024K)]
  0x000001e869fdb7b0 WatcherThread "VM Periodic Task Thread"        [id=34956, stack(0x0000004c03600000,0x0000004c03700000) (1024K)]
  0x000001e859e2d330 WorkerThread "GC Thread#0"                     [id=31420, stack(0x0000004c03100000,0x0000004c03200000) (1024K)]
  0x000001e859e3d0b0 ConcurrentGCThread "G1 Main Marker"            [id=37620, stack(0x0000004c03200000,0x0000004c03300000) (1024K)]
  0x000001e859e3dc80 WorkerThread "G1 Conc#0"                       [id=26548, stack(0x0000004c03300000,0x0000004c03400000) (1024K)]
  0x000001e869eb0550 ConcurrentGCThread "G1 Refine#0"               [id=18996, stack(0x0000004c03400000,0x0000004c03500000) (1024K)]
  0x000001e869eb0d80 ConcurrentGCThread "G1 Service"                [id=28076, stack(0x0000004c03500000,0x0000004c03600000) (1024K)]
Total: 7

Threads with active compile tasks:
C1 CompilerThread1  8000  485       1       jdk.internal.org.objectweb.asm.Frame::execute (2305 bytes)
Total: 1

VM state: not at safepoint (normal execution)

VM Mutex/Monitor currently owned by a thread:  ([mutex/lock_event])
[0x00007ffa7d1e2888] Metaspace_lock - owner thread: 0x000001e859de3fa0

Heap address: 0x00000000a0c00000, size: 1524 MB, Compressed Oops mode: 32-bit

CDS archive(s) mapped at: [0x000001e800000000-0x000001e800d70000-0x000001e800d70000), size 14090240, SharedBaseAddress: 0x000001e800000000, ArchiveRelocationMode: 1.
Compressed class space mapped at: 0x000001e801000000-0x000001e841000000, reserved size: 1073741824
Narrow klass base: 0x000001e800000000, Narrow klass shift: 0, Narrow klass range: 0x41000000

GC Precious Log:
 CardTable entry size: 512
 Card Set container configuration: InlinePtr #cards 5 size 8 Array Of Cards #cards 10 size 36 Howl #buckets 4 coarsen threshold 1843 Howl Bitmap #cards 512 size 80 coarsen threshold 460 Card regions per heap region 1 cards per card region 2048
 CPUs: 8 total, 8 available
 Memory: 6091M
 Large Page Support: Disabled
 NUMA Support: Disabled
 Compressed Oops: Enabled (32-bit)
 Heap Region Size: 1M
 Heap Min Capacity: 8M
 Heap Initial Capacity: 96M
 Heap Max Capacity: 1524M
 Pre-touch: Disabled
 Parallel Workers: 8
 Concurrent Workers: 2
 Concurrent Refinement Workers: 8
 Periodic GC: Disabled

Heap:
 garbage-first heap   total reserved 1560576K, committed 98304K, used 15360K [0x00000000a0c00000, 0x0000000100000000)
  region size 1024K, 13 young (13312K), 0 survivors (0K)
 Metaspace       used 2927K, committed 3072K, reserved 1114112K
  class space    used 364K, committed 448K, reserved 1048576K

Heap Regions: E=young(eden), S=young(survivor), O=old, HS=humongous(starts), HC=humongous(continues), CS=collection set, F=free, TAMS=top-at-mark-start, PB=parsable bottom
|   0|0x00000000a0c00000, 0x00000000a0d00000, 0x00000000a0d00000|100%|HS|  |TAMS 0x00000000a0c00000| PB 0x00000000a0c00000| Complete |  0
|   1|0x00000000a0d00000, 0x00000000a0e00000, 0x00000000a0e00000|100%|HS|  |TAMS 0x00000000a0d00000| PB 0x00000000a0d00000| Complete |  0
|   2|0x00000000a0e00000, 0x00000000a0f00000, 0x00000000a0f00000|100%|HS|  |TAMS 0x00000000a0e00000| PB 0x00000000a0e00000| Complete |  0
|   3|0x00000000a0f00000, 0x00000000a1000000, 0x00000000a1000000|100%|HS|  |TAMS 0x00000000a0f00000| PB 0x00000000a0f00000| Complete |  0
|   4|0x00000000a1000000, 0x00000000a1000000, 0x00000000a1100000|  0%| F|  |TAMS 0x00000000a1000000| PB 0x00000000a1000000| Untracked |  0
|   5|0x00000000a1100000, 0x00000000a1100000, 0x00000000a1200000|  0%| F|  |TAMS 0x00000000a1100000| PB 0x00000000a1100000| Untracked |  0
|   6|0x00000000a1200000, 0x00000000a1200000, 0x00000000a1300000|  0%| F|  |TAMS 0x00000000a1200000| PB 0x00000000a1200000| Untracked |  0
|   7|0x00000000a1300000, 0x00000000a1300000, 0x00000000a1400000|  0%| F|  |TAMS 0x00000000a1300000| PB 0x00000000a1300000| Untracked |  0
|   8|0x00000000a1400000, 0x00000000a1400000, 0x00000000a1500000|  0%| F|  |TAMS 0x00000000a1400000| PB 0x00000000a1400000| Untracked |  0
|   9|0x00000000a1500000, 0x00000000a1500000, 0x00000000a1600000|  0%| F|  |TAMS 0x00000000a1500000| PB 0x00000000a1500000| Untracked |  0
|  10|0x00000000a1600000, 0x00000000a1600000, 0x00000000a1700000|  0%| F|  |TAMS 0x00000000a1600000| PB 0x00000000a1600000| Untracked |  0
|  11|0x00000000a1700000, 0x00000000a1700000, 0x00000000a1800000|  0%| F|  |TAMS 0x00000000a1700000| PB 0x00000000a1700000| Untracked |  0
|  12|0x00000000a1800000, 0x00000000a1800000, 0x00000000a1900000|  0%| F|  |TAMS 0x00000000a1800000| PB 0x00000000a1800000| Untracked |  0
|  13|0x00000000a1900000, 0x00000000a1900000, 0x00000000a1a00000|  0%| F|  |TAMS 0x00000000a1900000| PB 0x00000000a1900000| Untracked |  0
|  14|0x00000000a1a00000, 0x00000000a1a00000, 0x00000000a1b00000|  0%| F|  |TAMS 0x00000000a1a00000| PB 0x00000000a1a00000| Untracked |  0
|  15|0x00000000a1b00000, 0x00000000a1b00000, 0x00000000a1c00000|  0%| F|  |TAMS 0x00000000a1b00000| PB 0x00000000a1b00000| Untracked |  0
|  16|0x00000000a1c00000, 0x00000000a1c00000, 0x00000000a1d00000|  0%| F|  |TAMS 0x00000000a1c00000| PB 0x00000000a1c00000| Untracked |  0
|  17|0x00000000a1d00000, 0x00000000a1d00000, 0x00000000a1e00000|  0%| F|  |TAMS 0x00000000a1d00000| PB 0x00000000a1d00000| Untracked |  0
|  18|0x00000000a1e00000, 0x00000000a1e00000, 0x00000000a1f00000|  0%| F|  |TAMS 0x00000000a1e00000| PB 0x00000000a1e00000| Untracked |  0
|  19|0x00000000a1f00000, 0x00000000a1f00000, 0x00000000a2000000|  0%| F|  |TAMS 0x00000000a1f00000| PB 0x00000000a1f00000| Untracked |  0
|  20|0x00000000a2000000, 0x00000000a2000000, 0x00000000a2100000|  0%| F|  |TAMS 0x00000000a2000000| PB 0x00000000a2000000| Untracked |  0
|  21|0x00000000a2100000, 0x00000000a2100000, 0x00000000a2200000|  0%| F|  |TAMS 0x00000000a2100000| PB 0x00000000a2100000| Untracked |  0
|  22|0x00000000a2200000, 0x00000000a2200000, 0x00000000a2300000|  0%| F|  |TAMS 0x00000000a2200000| PB 0x00000000a2200000| Untracked |  0
|  23|0x00000000a2300000, 0x00000000a2300000, 0x00000000a2400000|  0%| F|  |TAMS 0x00000000a2300000| PB 0x00000000a2300000| Untracked |  0
|  24|0x00000000a2400000, 0x00000000a2400000, 0x00000000a2500000|  0%| F|  |TAMS 0x00000000a2400000| PB 0x00000000a2400000| Untracked |  0
|  25|0x00000000a2500000, 0x00000000a2500000, 0x00000000a2600000|  0%| F|  |TAMS 0x00000000a2500000| PB 0x00000000a2500000| Untracked |  0
|  26|0x00000000a2600000, 0x00000000a2600000, 0x00000000a2700000|  0%| F|  |TAMS 0x00000000a2600000| PB 0x00000000a2600000| Untracked |  0
|  27|0x00000000a2700000, 0x00000000a2700000, 0x00000000a2800000|  0%| F|  |TAMS 0x00000000a2700000| PB 0x00000000a2700000| Untracked |  0
|  28|0x00000000a2800000, 0x00000000a2800000, 0x00000000a2900000|  0%| F|  |TAMS 0x00000000a2800000| PB 0x00000000a2800000| Untracked |  0
|  29|0x00000000a2900000, 0x00000000a2900000, 0x00000000a2a00000|  0%| F|  |TAMS 0x00000000a2900000| PB 0x00000000a2900000| Untracked |  0
|  30|0x00000000a2a00000, 0x00000000a2a00000, 0x00000000a2b00000|  0%| F|  |TAMS 0x00000000a2a00000| PB 0x00000000a2a00000| Untracked |  0
|  31|0x00000000a2b00000, 0x00000000a2b00000, 0x00000000a2c00000|  0%| F|  |TAMS 0x00000000a2b00000| PB 0x00000000a2b00000| Untracked |  0
|  32|0x00000000a2c00000, 0x00000000a2c00000, 0x00000000a2d00000|  0%| F|  |TAMS 0x00000000a2c00000| PB 0x00000000a2c00000| Untracked |  0
|  33|0x00000000a2d00000, 0x00000000a2d00000, 0x00000000a2e00000|  0%| F|  |TAMS 0x00000000a2d00000| PB 0x00000000a2d00000| Untracked |  0
|  34|0x00000000a2e00000, 0x00000000a2e00000, 0x00000000a2f00000|  0%| F|  |TAMS 0x00000000a2e00000| PB 0x00000000a2e00000| Untracked |  0
|  35|0x00000000a2f00000, 0x00000000a2f00000, 0x00000000a3000000|  0%| F|  |TAMS 0x00000000a2f00000| PB 0x00000000a2f00000| Untracked |  0
|  36|0x00000000a3000000, 0x00000000a3000000, 0x00000000a3100000|  0%| F|  |TAMS 0x00000000a3000000| PB 0x00000000a3000000| Untracked |  0
|  37|0x00000000a3100000, 0x00000000a3100000, 0x00000000a3200000|  0%| F|  |TAMS 0x00000000a3100000| PB 0x00000000a3100000| Untracked |  0
|  38|0x00000000a3200000, 0x00000000a3200000, 0x00000000a3300000|  0%| F|  |TAMS 0x00000000a3200000| PB 0x00000000a3200000| Untracked |  0
|  39|0x00000000a3300000, 0x00000000a3300000, 0x00000000a3400000|  0%| F|  |TAMS 0x00000000a3300000| PB 0x00000000a3300000| Untracked |  0
|  40|0x00000000a3400000, 0x00000000a3400000, 0x00000000a3500000|  0%| F|  |TAMS 0x00000000a3400000| PB 0x00000000a3400000| Untracked |  0
|  41|0x00000000a3500000, 0x00000000a3500000, 0x00000000a3600000|  0%| F|  |TAMS 0x00000000a3500000| PB 0x00000000a3500000| Untracked |  0
|  42|0x00000000a3600000, 0x00000000a3600000, 0x00000000a3700000|  0%| F|  |TAMS 0x00000000a3600000| PB 0x00000000a3600000| Untracked |  0
|  43|0x00000000a3700000, 0x00000000a3700000, 0x00000000a3800000|  0%| F|  |TAMS 0x00000000a3700000| PB 0x00000000a3700000| Untracked |  0
|  44|0x00000000a3800000, 0x00000000a3800000, 0x00000000a3900000|  0%| F|  |TAMS 0x00000000a3800000| PB 0x00000000a3800000| Untracked |  0
|  45|0x00000000a3900000, 0x00000000a3900000, 0x00000000a3a00000|  0%| F|  |TAMS 0x00000000a3900000| PB 0x00000000a3900000| Untracked |  0
|  46|0x00000000a3a00000, 0x00000000a3a00000, 0x00000000a3b00000|  0%| F|  |TAMS 0x00000000a3a00000| PB 0x00000000a3a00000| Untracked |  0
|  47|0x00000000a3b00000, 0x00000000a3b00000, 0x00000000a3c00000|  0%| F|  |TAMS 0x00000000a3b00000| PB 0x00000000a3b00000| Untracked |  0
|  48|0x00000000a3c00000, 0x00000000a3c00000, 0x00000000a3d00000|  0%| F|  |TAMS 0x00000000a3c00000| PB 0x00000000a3c00000| Untracked |  0
|  49|0x00000000a3d00000, 0x00000000a3d00000, 0x00000000a3e00000|  0%| F|  |TAMS 0x00000000a3d00000| PB 0x00000000a3d00000| Untracked |  0
|  50|0x00000000a3e00000, 0x00000000a3e00000, 0x00000000a3f00000|  0%| F|  |TAMS 0x00000000a3e00000| PB 0x00000000a3e00000| Untracked |  0
|  51|0x00000000a3f00000, 0x00000000a3f00000, 0x00000000a4000000|  0%| F|  |TAMS 0x00000000a3f00000| PB 0x00000000a3f00000| Untracked |  0
|  52|0x00000000a4000000, 0x00000000a4000000, 0x00000000a4100000|  0%| F|  |TAMS 0x00000000a4000000| PB 0x00000000a4000000| Untracked |  0
|  53|0x00000000a4100000, 0x00000000a4100000, 0x00000000a4200000|  0%| F|  |TAMS 0x00000000a4100000| PB 0x00000000a4100000| Untracked |  0
|  54|0x00000000a4200000, 0x00000000a4200000, 0x00000000a4300000|  0%| F|  |TAMS 0x00000000a4200000| PB 0x00000000a4200000| Untracked |  0
|  55|0x00000000a4300000, 0x00000000a4300000, 0x00000000a4400000|  0%| F|  |TAMS 0x00000000a4300000| PB 0x00000000a4300000| Untracked |  0
|  56|0x00000000a4400000, 0x00000000a4400000, 0x00000000a4500000|  0%| F|  |TAMS 0x00000000a4400000| PB 0x00000000a4400000| Untracked |  0
|  57|0x00000000a4500000, 0x00000000a4500000, 0x00000000a4600000|  0%| F|  |TAMS 0x00000000a4500000| PB 0x00000000a4500000| Untracked |  0
|  58|0x00000000a4600000, 0x00000000a4600000, 0x00000000a4700000|  0%| F|  |TAMS 0x00000000a4600000| PB 0x00000000a4600000| Untracked |  0
|  59|0x00000000a4700000, 0x00000000a4700000, 0x00000000a4800000|  0%| F|  |TAMS 0x00000000a4700000| PB 0x00000000a4700000| Untracked |  0
|  60|0x00000000a4800000, 0x00000000a4800000, 0x00000000a4900000|  0%| F|  |TAMS 0x00000000a4800000| PB 0x00000000a4800000| Untracked |  0
|  61|0x00000000a4900000, 0x00000000a4900000, 0x00000000a4a00000|  0%| F|  |TAMS 0x00000000a4900000| PB 0x00000000a4900000| Untracked |  0
|  62|0x00000000a4a00000, 0x00000000a4a00000, 0x00000000a4b00000|  0%| F|  |TAMS 0x00000000a4a00000| PB 0x00000000a4a00000| Untracked |  0
|  63|0x00000000a4b00000, 0x00000000a4b00000, 0x00000000a4c00000|  0%| F|  |TAMS 0x00000000a4b00000| PB 0x00000000a4b00000| Untracked |  0
|  64|0x00000000a4c00000, 0x00000000a4c00000, 0x00000000a4d00000|  0%| F|  |TAMS 0x00000000a4c00000| PB 0x00000000a4c00000| Untracked |  0
|  65|0x00000000a4d00000, 0x00000000a4d00000, 0x00000000a4e00000|  0%| F|  |TAMS 0x00000000a4d00000| PB 0x00000000a4d00000| Untracked |  0
|  66|0x00000000a4e00000, 0x00000000a4e00000, 0x00000000a4f00000|  0%| F|  |TAMS 0x00000000a4e00000| PB 0x00000000a4e00000| Untracked |  0
|  67|0x00000000a4f00000, 0x00000000a4f00000, 0x00000000a5000000|  0%| F|  |TAMS 0x00000000a4f00000| PB 0x00000000a4f00000| Untracked |  0
|  68|0x00000000a5000000, 0x00000000a5000000, 0x00000000a5100000|  0%| F|  |TAMS 0x00000000a5000000| PB 0x00000000a5000000| Untracked |  0
|  69|0x00000000a5100000, 0x00000000a5100000, 0x00000000a5200000|  0%| F|  |TAMS 0x00000000a5100000| PB 0x00000000a5100000| Untracked |  0
|  70|0x00000000a5200000, 0x00000000a5200000, 0x00000000a5300000|  0%| F|  |TAMS 0x00000000a5200000| PB 0x00000000a5200000| Untracked |  0
|  71|0x00000000a5300000, 0x00000000a5300000, 0x00000000a5400000|  0%| F|  |TAMS 0x00000000a5300000| PB 0x00000000a5300000| Untracked |  0
|  72|0x00000000a5400000, 0x00000000a5400000, 0x00000000a5500000|  0%| F|  |TAMS 0x00000000a5400000| PB 0x00000000a5400000| Untracked |  0
|  73|0x00000000a5500000, 0x00000000a5500000, 0x00000000a5600000|  0%| F|  |TAMS 0x00000000a5500000| PB 0x00000000a5500000| Untracked |  0
|  74|0x00000000a5600000, 0x00000000a5600000, 0x00000000a5700000|  0%| F|  |TAMS 0x00000000a5600000| PB 0x00000000a5600000| Untracked |  0
|  75|0x00000000a5700000, 0x00000000a5700000, 0x00000000a5800000|  0%| F|  |TAMS 0x00000000a5700000| PB 0x00000000a5700000| Untracked |  0
|  76|0x00000000a5800000, 0x00000000a5800000, 0x00000000a5900000|  0%| F|  |TAMS 0x00000000a5800000| PB 0x00000000a5800000| Untracked |  0
|  77|0x00000000a5900000, 0x00000000a5900000, 0x00000000a5a00000|  0%| F|  |TAMS 0x00000000a5900000| PB 0x00000000a5900000| Untracked |  0
|  78|0x00000000a5a00000, 0x00000000a5a00000, 0x00000000a5b00000|  0%| F|  |TAMS 0x00000000a5a00000| PB 0x00000000a5a00000| Untracked |  0
|  79|0x00000000a5b00000, 0x00000000a5b00000, 0x00000000a5c00000|  0%| F|  |TAMS 0x00000000a5b00000| PB 0x00000000a5b00000| Untracked |  0
|  80|0x00000000a5c00000, 0x00000000a5c00000, 0x00000000a5d00000|  0%| F|  |TAMS 0x00000000a5c00000| PB 0x00000000a5c00000| Untracked |  0
|  81|0x00000000a5d00000, 0x00000000a5d00000, 0x00000000a5e00000|  0%| F|  |TAMS 0x00000000a5d00000| PB 0x00000000a5d00000| Untracked |  0
|  82|0x00000000a5e00000, 0x00000000a5e00000, 0x00000000a5f00000|  0%| F|  |TAMS 0x00000000a5e00000| PB 0x00000000a5e00000| Untracked |  0
|  83|0x00000000a5f00000, 0x00000000a5ff5c98, 0x00000000a6000000| 96%| E|  |TAMS 0x00000000a5f00000| PB 0x00000000a5f00000| Complete |  0
|  84|0x00000000a6000000, 0x00000000a6100000, 0x00000000a6100000|100%| E|CS|TAMS 0x00000000a6000000| PB 0x00000000a6000000| Complete |  0
|  85|0x00000000a6100000, 0x00000000a6200000, 0x00000000a6200000|100%| E|CS|TAMS 0x00000000a6100000| PB 0x00000000a6100000| Complete |  0
|  86|0x00000000a6200000, 0x00000000a6300000, 0x00000000a6300000|100%| E|CS|TAMS 0x00000000a6200000| PB 0x00000000a6200000| Complete |  0
|  87|0x00000000a6300000, 0x00000000a6400000, 0x00000000a6400000|100%| E|  |TAMS 0x00000000a6300000| PB 0x00000000a6300000| Complete |  0
|  88|0x00000000a6400000, 0x00000000a6500000, 0x00000000a6500000|100%| E|CS|TAMS 0x00000000a6400000| PB 0x00000000a6400000| Complete |  0
|  89|0x00000000a6500000, 0x00000000a6600000, 0x00000000a6600000|100%| E|CS|TAMS 0x00000000a6500000| PB 0x00000000a6500000| Complete |  0
|  90|0x00000000a6600000, 0x00000000a6700000, 0x00000000a6700000|100%| E|CS|TAMS 0x00000000a6600000| PB 0x00000000a6600000| Complete |  0
|  91|0x00000000a6700000, 0x00000000a6800000, 0x00000000a6800000|100%| E|CS|TAMS 0x00000000a6700000| PB 0x00000000a6700000| Complete |  0
|  92|0x00000000a6800000, 0x00000000a6900000, 0x00000000a6900000|100%| E|CS|TAMS 0x00000000a6800000| PB 0x00000000a6800000| Complete |  0
|  93|0x00000000a6900000, 0x00000000a6a00000, 0x00000000a6a00000|100%| E|CS|TAMS 0x00000000a6900000| PB 0x00000000a6900000| Complete |  0
|  94|0x00000000a6a00000, 0x00000000a6b00000, 0x00000000a6b00000|100%| E|CS|TAMS 0x00000000a6a00000| PB 0x00000000a6a00000| Complete |  0
|  95|0x00000000a6b00000, 0x00000000a6c00000, 0x00000000a6c00000|100%| E|CS|TAMS 0x00000000a6b00000| PB 0x00000000a6b00000| Complete |  0

Card table byte_map: [0x000001e865b20000,0x000001e865e20000] _byte_map_base: 0x000001e86561a000

Marking Bits: (CMBitMap*) 0x000001e859e2d950
 Bits: [0x000001e865e20000, 0x000001e8675f0000)

Polling page: 0x000001e859580000

Metaspace:

Usage:
  Non-class:      2.50 MB used.
      Class:    364.34 KB used.
       Both:      2.86 MB used.

Virtual space:
  Non-class space:       64.00 MB reserved,       2.56 MB (  4%) committed,  1 nodes.
      Class space:        1.00 GB reserved,     448.00 KB ( <1%) committed,  1 nodes.
             Both:        1.06 GB reserved,       3.00 MB ( <1%) committed. 

Chunk freelists:
   Non-Class:  11.90 MB
       Class:  15.58 MB
        Both:  27.48 MB

MaxMetaspaceSize: unlimited
CompressedClassSpaceSize: 1.00 GB
Initial GC threshold: 21.00 MB
Current GC threshold: 21.00 MB
CDS: on
 - commit_granule_bytes: 65536.
 - commit_granule_words: 8192.
 - virtual_space_node_default_size: 8388608.
 - enlarge_chunks_in_place: 1.
 - use_allocation_guard: 0.


Internal statistics:

num_allocs_failed_limit: 0.
num_arena_births: 92.
num_arena_deaths: 0.
num_vsnodes_births: 2.
num_vsnodes_deaths: 0.
num_space_committed: 48.
num_space_uncommitted: 0.
num_chunks_returned_to_freelist: 0.
num_chunks_taken_from_freelist: 97.
num_chunk_merges: 0.
num_chunk_splits: 68.
num_chunks_enlarged: 43.
num_inconsistent_stats: 0.

CodeCache: size=49152Kb used=2524Kb max_used=3088Kb free=46627Kb
 bounds [0x000001e8624f0000, 0x000001e862800000, 0x000001e8654f0000]
 total_blobs=1161, nmethods=705, adapters=381, full_count=1
Compilation: disabled (not enough contiguous free space left), stopped_count=1, restarted_count=0

Compilation events (20 events):
Event: 2.600 Thread 0x000001e86a067d50 nmethod 472 0x000001e8627b5108 code [0x000001e8627b5220, 0x000001e8627b52e8]
Event: 2.607 Thread 0x000001e86a06c5e0  473       1       java.lang.reflect.Modifier::isStatic (13 bytes)
Event: 2.607 Thread 0x000001e86a06c5e0 nmethod 473 0x000001e8627b5408 code [0x000001e8627b5520, 0x000001e8627b55d8]
Event: 2.609 Thread 0x000001e86a06c5e0  474       1       java.lang.String::replace (42 bytes)
Event: 2.609 Thread 0x000001e86a06c5e0 nmethod 474 0x000001e8627b6108 code [0x000001e8627b6240, 0x000001e8627b63b0]
Event: 2.609 Thread 0x000001e86a06c5e0  476       1       sun.invoke.util.VerifyAccess::isSamePackage (37 bytes)
Event: 2.610 Thread 0x000001e86a06c5e0 nmethod 476 0x000001e8627b6408 code [0x000001e8627b6540, 0x000001e8627b66d8]
Event: 2.612 Thread 0x000001e86a012510  477       1       java.lang.invoke.LambdaForm::forceInterpretation (14 bytes)
Event: 2.612 Thread 0x000001e86a012510 nmethod 477 0x000001e8627b6b88 code [0x000001e8627b6ca0, 0x000001e8627b6d78]
Event: 2.613 Thread 0x000001e86a012510  478       1       java.lang.invoke.MemberName::isStatic (8 bytes)
Event: 2.613 Thread 0x000001e86a012510 nmethod 478 0x000001e8627b6e88 code [0x000001e8627b6fa0, 0x000001e8627b7080]
Event: 2.613 Thread 0x000001e86a012510  479       1       java.lang.reflect.Modifier::isPublic (12 bytes)
Event: 2.613 Thread 0x000001e86a012510 nmethod 479 0x000001e8627b7188 code [0x000001e8627b72a0, 0x000001e8627b7358]
Event: 2.626 Thread 0x000001e86a012510  483       1       java.lang.invoke.LambdaForm::uncustomize (57 bytes)
Event: 2.627 Thread 0x000001e86a012510 nmethod 483 0x000001e8627b7d88 code [0x000001e8627b7ec0, 0x000001e8627b8040]
Event: 2.627 Thread 0x000001e86a06c5e0  484       1       jdk.internal.org.objectweb.asm.ByteVector::put12 (64 bytes)
Event: 2.627 Thread 0x000001e86a06c5e0 nmethod 484 0x000001e8627b8088 code [0x000001e8627b81a0, 0x000001e8627b8338]
Event: 2.628 Thread 0x000001e86a067d50  485       1       jdk.internal.org.objectweb.asm.Frame::execute (2305 bytes)
Event: 2.642 Thread 0x000001e86a06c5e0  489       1       java.lang.invoke.LambdaForm$Name::index (5 bytes)
Event: 2.643 Thread 0x000001e86a06c5e0 nmethod 489 0x000001e8627b9588 code [0x000001e8627b96a0, 0x000001e8627b9768]

GC Heap History (0 events):
No events

Dll operation events (11 events):
Event: 0.106 Loaded shared library C:\Users\Asus\.jdks\openjdk-23.0.2\bin\java.dll
Event: 0.935 Loaded shared library C:\Users\Asus\.jdks\openjdk-23.0.2\bin\zip.dll
Event: 0.943 Loaded shared library C:\Users\Asus\.jdks\openjdk-23.0.2\bin\instrument.dll
Event: 1.019 Loaded shared library C:\Users\Asus\.jdks\openjdk-23.0.2\bin\net.dll
Event: 1.078 Loaded shared library C:\Users\Asus\.jdks\openjdk-23.0.2\bin\nio.dll
Event: 1.090 Loaded shared library C:\Users\Asus\.jdks\openjdk-23.0.2\bin\zip.dll
Event: 2.182 Loaded shared library C:\Program Files\JetBrains\IntelliJ IDEA 2024.3.2.1\bin\breakgen64.dll
Event: 2.198 Loaded shared library C:\Users\Asus\.jdks\openjdk-23.0.2\bin\jimage.dll
Event: 2.469 Loaded shared library C:\Users\Asus\.jdks\openjdk-23.0.2\bin\extnet.dll
Event: 2.538 Loaded shared library C:\Users\Asus\.jdks\openjdk-23.0.2\bin\management.dll
Event: 2.570 Loaded shared library C:\Users\Asus\.jdks\openjdk-23.0.2\bin\management_ext.dll

Deoptimization events (0 events):
No events

Classes loaded (20 events):
Event: 2.618 Loading class sun/reflect/generics/visitor/TypeTreeVisitor done
Event: 2.619 Loading class sun/reflect/generics/visitor/Reifier done
Event: 2.619 Loading class sun/reflect/generics/reflectiveObjects/ParameterizedTypeImpl
Event: 2.619 Loading class java/lang/reflect/ParameterizedType
Event: 2.619 Loading class java/lang/reflect/ParameterizedType done
Event: 2.620 Loading class sun/reflect/generics/reflectiveObjects/ParameterizedTypeImpl done
Event: 2.620 Loading class sun/reflect/generics/scope/ClassScope
Event: 2.620 Loading class sun/reflect/generics/scope/ClassScope done
Event: 2.620 Loading class sun/reflect/generics/repository/ClassRepository
Event: 2.620 Loading class sun/reflect/generics/repository/ClassRepository done
Event: 2.620 Loading class sun/reflect/generics/tree/ClassSignature
Event: 2.620 Loading class sun/reflect/generics/tree/ClassSignature done
Event: 2.621 Loading class sun/reflect/generics/tree/TypeVariableSignature
Event: 2.621 Loading class sun/reflect/generics/tree/TypeVariableSignature done
Event: 2.621 Loading class sun/reflect/generics/reflectiveObjects/TypeVariableImpl
Event: 2.622 Loading class sun/reflect/generics/reflectiveObjects/LazyReflectiveObjectGenerator
Event: 2.622 Loading class sun/reflect/generics/reflectiveObjects/LazyReflectiveObjectGenerator done
Event: 2.622 Loading class sun/reflect/generics/reflectiveObjects/TypeVariableImpl done
Event: 2.624 Loading class java/lang/reflect/GenericArrayType
Event: 2.624 Loading class java/lang/reflect/GenericArrayType done

Classes unloaded (0 events):
No events

Classes redefined (0 events):
No events

Internal exceptions (4 events):
Event: 2.117 Thread 0x000001e859de3fa0 Exception <a 'java/lang/NoSuchMethodError'{0x00000000a6268738}: 'java.lang.Object java.lang.invoke.Invokers$Holder.invokeExact_MT(java.lang.Object, java.lang.Object, java.lang.Object, java.lang.Object, java.lang.Object)'> (0x00000000a6268738) 
thrown [s\open\src\hotspot\share\interpreter\linkResolver.cpp, line 796]
Event: 2.473 Thread 0x000001e8455f7040 Exception <a 'java/lang/NoSuchMethodError'{0x00000000a629d570}: 'void java.lang.invoke.DirectMethodHandle$Holder.invokeStatic(java.lang.Object, java.lang.Object)'> (0x00000000a629d570) 
thrown [s\open\src\hotspot\share\interpreter\linkResolver.cpp, line 796]
Event: 2.583 Thread 0x000001e859de3fa0 Exception <a 'java/lang/NoSuchMethodError'{0x00000000a611d3f0}: 'int java.lang.invoke.DirectMethodHandle$Holder.invokeInterface(java.lang.Object, java.lang.Object)'> (0x00000000a611d3f0) 
thrown [s\open\src\hotspot\share\interpreter\linkResolver.cpp, line 796]
Event: 2.584 Thread 0x000001e859de3fa0 Exception <a 'java/lang/IncompatibleClassChangeError'{0x00000000a6120730}: Found class java.lang.Object, but interface was expected> (0x00000000a6120730) 
thrown [s\open\src\hotspot\share\interpreter\linkResolver.cpp, line 863]

VM Operations (8 events):
Event: 0.707 Executing VM operation: HandshakeAllThreads (Deoptimize)
Event: 0.707 Executing VM operation: HandshakeAllThreads (Deoptimize) done
Event: 2.213 Executing VM operation: HandshakeAllThreads (Deoptimize)
Event: 2.429 Executing VM operation: HandshakeAllThreads (Deoptimize) done
Event: 2.595 Executing VM operation: HandshakeAllThreads (Deoptimize)
Event: 2.595 Executing VM operation: HandshakeAllThreads (Deoptimize) done
Event: 2.598 Executing VM operation: HandshakeAllThreads (Deoptimize)
Event: 2.598 Executing VM operation: HandshakeAllThreads (Deoptimize) done

Memory protections (0 events):
No events

Nmethod flushes (0 events):
No events

Events (13 events):
Event: 0.156 Thread 0x000001e859de3fa0 Thread added: 0x000001e859de3fa0
Event: 0.255 Thread 0x000001e859de3fa0 Thread added: 0x000001e86a009da0
Event: 0.256 Thread 0x000001e859de3fa0 Thread added: 0x000001e86a00ae70
Event: 0.257 Thread 0x000001e859de3fa0 Thread added: 0x000001e86a00bf40
Event: 0.257 Thread 0x000001e859de3fa0 Thread added: 0x000001e86a0101e0
Event: 0.257 Thread 0x000001e859de3fa0 Thread added: 0x000001e86a011050
Event: 0.258 Thread 0x000001e859de3fa0 Thread added: 0x000001e86a011ab0
Event: 0.258 Thread 0x000001e859de3fa0 Thread added: 0x000001e86a012510
Event: 0.295 Thread 0x000001e86a012510 Thread added: 0x000001e86a067d50
Event: 0.295 Thread 0x000001e86a012510 Thread added: 0x000001e86a06c5e0
Event: 0.694 Thread 0x000001e859de3fa0 Thread added: 0x000001e8450e6970
Event: 2.186 Thread 0x000001e859de3fa0 Thread added: 0x000001e8455f7040
Event: 2.186 Thread 0x000001e859de3fa0 Thread added: 0x000001e8455f76b0


Dynamic libraries:
0x00007ff718740000 - 0x00007ff71874e000 	C:\Users\Asus\.jdks\openjdk-23.0.2\bin\java.exe
0x00007ffacc150000 - 0x00007ffacc348000 	C:\Windows\SYSTEM32\ntdll.dll
0x00007ffaca7a0000 - 0x00007ffaca862000 	C:\Windows\System32\KERNEL32.DLL
0x00007ffac9ca0000 - 0x00007ffac9f9f000 	C:\Windows\System32\KERNELBASE.dll
0x00007ffac1d00000 - 0x00007ffac1d17000 	C:\Users\Asus\.jdks\openjdk-23.0.2\bin\jli.dll
0x00007ffac1ce0000 - 0x00007ffac1cfb000 	C:\Users\Asus\.jdks\openjdk-23.0.2\bin\VCRUNTIME140.dll
0x00007ffacb540000 - 0x00007ffacb6dd000 	C:\Windows\System32\USER32.dll
0x00007ffac9890000 - 0x00007ffac98b2000 	C:\Windows\System32\win32u.dll
0x00007ffacbaa0000 - 0x00007ffacbacb000 	C:\Windows\System32\GDI32.dll
0x00007ffac9af0000 - 0x00007ffac9c0a000 	C:\Windows\System32\gdi32full.dll
0x00007ffac97f0000 - 0x00007ffac988d000 	C:\Windows\System32\msvcp_win.dll
0x00007ffab48b0000 - 0x00007ffab4b4a000 	C:\Windows\WinSxS\amd64_microsoft.windows.common-controls_6595b64144ccf1df_6.0.19041.4355_none_60b8b9eb71f62e16\COMCTL32.dll
0x00007ffacb930000 - 0x00007ffacb9ce000 	C:\Windows\System32\msvcrt.dll
0x00007ffac9910000 - 0x00007ffac9a10000 	C:\Windows\System32\ucrtbase.dll
0x00007ffaca430000 - 0x00007ffaca45f000 	C:\Windows\System32\IMM32.DLL
0x0000000055a50000 - 0x0000000055a5c000 	C:\Program Files (x86)\360\Total Security\safemon\SafeWrapper.dll
0x00007ffacbb30000 - 0x00007ffacbbdf000 	C:\Windows\System32\ADVAPI32.dll
0x00007ffacb890000 - 0x00007ffacb92f000 	C:\Windows\System32\sechost.dll
0x00007ffacb740000 - 0x00007ffacb863000 	C:\Windows\System32\RPCRT4.dll
0x00007ffac9ac0000 - 0x00007ffac9ae7000 	C:\Windows\System32\bcrypt.dll
0x00007ffa7da20000 - 0x00007ffa7dacc000 	C:\Program Files (x86)\360\Total Security\safemon\libzdtp64.dll
0x00007ffaca940000 - 0x00007ffacb0ad000 	C:\Windows\System32\SHELL32.dll
0x00007ffacb6e0000 - 0x00007ffacb735000 	C:\Windows\System32\SHLWAPI.dll
0x00007ffac9370000 - 0x00007ffac937a000 	C:\Windows\SYSTEM32\VERSION.dll
0x00007ffac5920000 - 0x00007ffac592c000 	C:\Users\Asus\.jdks\openjdk-23.0.2\bin\vcruntime140_1.dll
0x00007ffa94fa0000 - 0x00007ffa9502e000 	C:\Users\Asus\.jdks\openjdk-23.0.2\bin\msvcp140.dll
0x00007ffa7c570000 - 0x00007ffa7d2c0000 	C:\Users\Asus\.jdks\openjdk-23.0.2\bin\server\jvm.dll
0x00007ffaca730000 - 0x00007ffaca79b000 	C:\Windows\System32\WS2_32.dll
0x00007ffac9190000 - 0x00007ffac91db000 	C:\Windows\SYSTEM32\POWRPROF.dll
0x00007ffabe6b0000 - 0x00007ffabe6d7000 	C:\Windows\SYSTEM32\WINMM.dll
0x00007ffac9170000 - 0x00007ffac9182000 	C:\Windows\SYSTEM32\UMPDC.dll
0x00007ffac75c0000 - 0x00007ffac75d2000 	C:\Windows\SYSTEM32\kernel.appcore.dll
0x00007ffac3850000 - 0x00007ffac385a000 	C:\Users\Asus\.jdks\openjdk-23.0.2\bin\jimage.dll
0x00007ffabb700000 - 0x00007ffabb8e4000 	C:\Windows\SYSTEM32\DBGHELP.DLL
0x00007ffaa4780000 - 0x00007ffaa47b4000 	C:\Windows\SYSTEM32\dbgcore.DLL
0x00007ffac9c10000 - 0x00007ffac9c92000 	C:\Windows\System32\bcryptPrimitives.dll
0x00007ffab8dd0000 - 0x00007ffab8ddf000 	C:\Users\Asus\.jdks\openjdk-23.0.2\bin\instrument.dll
0x00007ffab8d30000 - 0x00007ffab8d4e000 	C:\Users\Asus\.jdks\openjdk-23.0.2\bin\java.dll
0x00007ffacb0b0000 - 0x00007ffacb1db000 	C:\Windows\System32\ole32.dll
0x00007ffacb1e0000 - 0x00007ffacb535000 	C:\Windows\System32\combase.dll
0x00007ffac77c0000 - 0x00007ffac7f64000 	C:\Windows\SYSTEM32\windows.storage.dll
0x00007ffac9060000 - 0x00007ffac908b000 	C:\Windows\SYSTEM32\Wldp.dll
0x00007ffacb9d0000 - 0x00007ffacba9d000 	C:\Windows\System32\OLEAUT32.dll
0x00007ffacc060000 - 0x00007ffacc10d000 	C:\Windows\System32\SHCORE.dll
0x00007ffac9720000 - 0x00007ffac9745000 	C:\Windows\SYSTEM32\profapi.dll
0x00007ffab88c0000 - 0x00007ffab88d7000 	C:\Users\Asus\.jdks\openjdk-23.0.2\bin\zip.dll
0x00007ffac1cd0000 - 0x00007ffac1ce0000 	C:\Users\Asus\.jdks\openjdk-23.0.2\bin\net.dll
0x00007ffac8e40000 - 0x00007ffac8eac000 	C:\Windows\system32\mswsock.dll
0x00007ffab63a0000 - 0x00007ffab63b6000 	C:\Users\Asus\.jdks\openjdk-23.0.2\bin\nio.dll
0x00007ffab88e0000 - 0x00007ffab88fa000 	C:\Program Files\JetBrains\IntelliJ IDEA 2024.3.2.1\bin\breakgen64.dll
0x00007ffac8b20000 - 0x00007ffac8bea000 	C:\Windows\SYSTEM32\DNSAPI.dll
0x00007ffac8ae0000 - 0x00007ffac8b1b000 	C:\Windows\SYSTEM32\IPHLPAPI.DLL
0x00007ffaca880000 - 0x00007ffaca888000 	C:\Windows\System32\NSI.dll
0x00007ffac2880000 - 0x00007ffac288a000 	C:\Windows\System32\rasadhlp.dll
0x00007ffab8d20000 - 0x00007ffab8d29000 	C:\Users\Asus\.jdks\openjdk-23.0.2\bin\extnet.dll
0x00007ffac0520000 - 0x00007ffac05a0000 	C:\Windows\System32\fwpuclnt.dll
0x00007ffabdd90000 - 0x00007ffabdd9a000 	C:\Users\Asus\.jdks\openjdk-23.0.2\bin\management.dll
0x00007ffabc6e0000 - 0x00007ffabc6eb000 	C:\Users\Asus\.jdks\openjdk-23.0.2\bin\management_ext.dll
0x00007ffaca420000 - 0x00007ffaca428000 	C:\Windows\System32\PSAPI.DLL

dbghelp: loaded successfully - version: 4.0.5 - missing functions: none
symbol engine: initialized successfully - sym options: 0x614 - pdb path: .;C:\Users\Asus\.jdks\openjdk-23.0.2\bin;C:\Windows\SYSTEM32;C:\Windows\WinSxS\amd64_microsoft.windows.common-controls_6595b64144ccf1df_6.0.19041.4355_none_60b8b9eb71f62e16;C:\Program Files (x86)\360\Total Security\safemon;C:\Users\Asus\.jdks\openjdk-23.0.2\bin\server;C:\Program Files\JetBrains\IntelliJ IDEA 2024.3.2.1\bin

VM Arguments:
jvm_args: -XX:TieredStopAtLevel=1 -Dspring.output.ansi.enabled=always -Dcom.sun.management.jmxremote -Dspring.jmx.enabled=true -Dspring.liveBeansView.mbeanDomain -Dspring.application.admin.enabled=true -Dmanagement.endpoints.jmx.exposure.include=* -javaagent:C:\Program Files\JetBrains\IntelliJ IDEA 2024.3.2.1\lib\idea_rt.jar=53124:C:\Program Files\JetBrains\IntelliJ IDEA 2024.3.2.1\bin -Dfile.encoding=UTF-8 -Dsun.stdout.encoding=UTF-8 -Dsun.stderr.encoding=UTF-8 
java_command: com.example.person.PersonApplication
java_class_path (initial): C:\Users\Asus\IdeaProjects\person\target\classes;C:\Users\Asus\.m2\repository\org\springframework\cloud\spring-cloud-starter\4.2.1\spring-cloud-starter-4.2.1.jar;C:\Users\Asus\.m2\repository\org\springframework\cloud\spring-cloud-context\4.2.1\spring-cloud-context-4.2.1.jar;C:\Users\Asus\.m2\repository\org\springframework\security\spring-security-crypto\6.4.3\spring-security-crypto-6.4.3.jar;C:\Users\Asus\.m2\repository\org\springframework\cloud\spring-cloud-commons\4.2.1\spring-cloud-commons-4.2.1.jar;C:\Users\Asus\.m2\repository\org\bouncycastle\bcprov-jdk18on\1.78.1\bcprov-jdk18on-1.78.1.jar;C:\Users\Asus\.m2\repository\org\springframework\cloud\spring-cloud-netflix-eureka-client\4.2.1\spring-cloud-netflix-eureka-client-4.2.1.jar;C:\Users\Asus\.m2\repository\org\apache\httpcomponents\client5\httpclient5\5.4.2\httpclient5-5.4.2.jar;C:\Users\Asus\.m2\repository\org\apache\httpcomponents\core5\httpcore5\5.3.3\httpcore5-5.3.3.jar;C:\Users\Asus\.m2\repository\org\apache\httpcomponents\core5\httpcore5-h2\5.3.3\httpcore5-h2-5.3.3.jar;C:\Users\Asus\.m2\repository\com\netflix\eureka\eureka-client\2.0.4\eureka-client-2.0.4.jar;C:\Users\Asus\.m2\repository\com\thoughtworks\xstream\xstream\1.4.20\xstream-1.4.20.jar;C:\Users\Asus\.m2\repository\io\github\x-stream\mxparser\1.2.2\mxparser-1.2.2.jar;C:\Users\Asus\.m2\repository\xmlpull\xmlpull\1.1.3.1\xmlpull-1.1.3.1.jar;C:\Users\Asus\.m2\repository\jakarta\ws\rs\jakarta.ws.rs-api\3.1.0\jakarta.ws.rs-api-3.1.0.jar;C:\Users\Asus\.m2\repository\jakarta\inject\jakarta.inject-api\2.0.1\jakarta.inject-api-2.0.1.jar;C:\Users\Asus\.m2\repository\jakarta\annotation\jakarta.annotation-api\2.1.1\jakarta.annotation-api-2.1.1.jar;C:\Users\Asus\.m2\repository\com\netflix\spectator\spectator-api\1.7.3\spectator-api-1.7.3.jar;C:\Users\Asus\.m2\repository\org\slf4j\slf4j-api\2.0.16\slf4j-api-2.0.16.jar;C:\Users\Asus\.m2\repository\org\apache\httpcomponents\httpclient\4.5.3\httpclient-4.5.3.jar;C:\Users\Asus\.m2\repository\org\apache\httpcomponents\httpcore\4.4.16\httpcore-4.4.16.jar;C:\Users\Asus\.m2\repository\commons-codec\commons-codec\1.17.2\commons-codec-1.17.2.jar;C:\Users\Asus\.m2\repository\commons-configuration\commons-configuration\1.10\commons-configuration-1.10.jar;C:\Users\Asus\.m2\repository\commons-lang\commons-lang\2.6\commons-lang-2.6.jar;C:\Users\Asus\.m2\repository\com\fasterxml\jackson\core\jackson-annotations\2.18.2\jackson-annotations-2.18.2.jar;C:\Users\Asus\.m2\repository\com\fasterxml\jackson\core\jackson-core\2.18.2\jackson-core-2.18.2.jar;C:\Users\Asus\.m2\repository\com\fasterxml\jackson\core\jackson-databind\2.18.2\jackson-databind-2.18.2.jar;C:\Users\Asus\.m2\repository\com\netflix\netflix-commons\netflix-eventbus\0.3.0\netflix-eventbus-0.3.0.jar;C:\Users\Asus\.m2\repository\com\netflix\netflix-commons\netflix-infix\0.3.0\netflix-infix-0.3.0.jar;C:\Users\Asus\.m2\repository\commons-jxpath\commons-jxpath\1.3\commons-jxpath-1.3.jar;C:\Users\Asus\.m2\repository\joda-time\joda-time\2.3\joda-time-2.3.jar;C:\Users\Asus\.m2\repository\org\antlr\antlr-runtime\3.4\antlr-runtime-3.4.jar;C:\Users\Asus\.m2\repository\org\antlr\stringtemplate\3.2.1\stringtemplate-3.2.1.jar;C:\Users\Asus\.m2\repository\antlr\antlr\2.7.7\antlr-2.7.7.jar;C:\Users\Asus\.m2\repository\com\google\guava\guava\14.0.1\guava-14.0.1.jar;C:\Users\Asus\.m2\repository\com\google\code\gson\gson\2.11.0\gson-2.11.0.jar;C:\Users\Asus\.m2\repository\com\google\errorprone\error_prone_annotations\2.27.0\error_prone_annotations-2.27.0.jar;C:\Users\Asus\.m2\repository\com\netflix\servo\servo-core\0.5.3\servo-core-0.5.3.jar;C:\Users\Asus\.m2\repository\org\apache\commons\commons-math\2.2\commons-math-2.2.jar;C:\Users\Asus\.m2\repository\javax\annotation\javax.annotation-api\1.2\javax.annotation-api-1.2.jar;C:\Users\Asus\.m2\repository\org\codehaus\jettison\jettison\1.5.4\jettison-1.5.4.jar;C:\Users\Asus\.m2\repository\org\springframework\cloud\spring-cloud-starter-loadbalancer\4.2.1\spring-cloud-starter-loadbalancer-4.2.1.jar;C:\Users\Asus\.m2\repository\org\springframework\cloud\spring-cloud-loadbalancer\4.2.1\spring-cloud-loadbalancer-4.2.1.jar;C:\Users\Asus\.m2\repository\io\projectreactor\reactor-core\3.7.3\reactor-core-3.7.3.jar;C:\Users\Asus\.m2\repository\org\reactivestreams\reactive-streams\1.0.4\reactive-streams-1.0.4.jar;C:\Users\Asus\.m2\repository\io\projectreactor\addons\reactor-extra\3.5.2\reactor-extra-3.5.2.jar;C:\Users\Asus\.m2\repository\org\springframework\boot\spring-boot-starter-cache\3.4.3\spring-boot-starter-cache-3.4.3.jar;C:\Users\Asus\.m2\repository\org\springframework\spring-context-support\6.2.3\spring-context-support-6.2.3.jar;C:\Users\Asus\.m2\repository\com\stoyanr\evictor\1.0.0\evictor-1.0.0.jar;C:\Users\Asus\.m2\repository\org\springframework\boot\spring-boot-starter-data-jpa\3.4.3\spring-boot-starter-data-jpa-3.4.3.jar;C:\Users\Asus\.m2\repository\org\springframework\boot\spring-boot-starter\3.4.3\spring-boot-starter-3.4.3.jar;C:\Users\Asus\.m2\repository\org\springframework\boot\spring-boot\3.4.3\spring-boot-3.4.3.jar;C:\Users\Asus\.m2\repository\org\springframework\boot\spring-boot-autoconfigure\3.4.3\spring-boot-autoconfigure-3.4.3.jar;C:\Users\Asus\.m2\repository\org\springframework\boot\spring-boot-starter-logging\3.4.3\spring-boot-starter-logging-3.4.3.jar;C:\Users\Asus\.m2\repository\ch\qos\logback\logback-classic\1.5.16\logback-classic-1.5.16.jar;C:\Users\Asus\.m2\repository\ch\qos\logback\logback-core\1.5.16\logback-core-1.5.16.jar;C:\Users\Asus\.m2\repository\org\apache\logging\log4j\log4j-to-slf4j\2.24.3\log4j-to-slf4j-2.24.3.jar;C:\Users\Asus\.m2\repository\org\apache\logging\log4j\log4j-api\2.24.3\log4j-api-2.24.3.jar;C:\Users\Asus\.m2\repository\org\slf4j\jul-to-slf4j\2.0.16\jul-to-slf4j-2.0.16.jar;C:\Users\Asus\.m2\repository\org\yaml\snakeyaml\2.3\snakeyaml-2.3.jar;C:\Users\Asus\.m2\repository\org\springframework\boot\spring-boot-starter-jdbc\3.4.3\spring-boot-starter-jdbc-3.4.3.jar;C:\Users\Asus\.m2\repository\com\zaxxer\HikariCP\5.1.0\HikariCP-5.1.0.jar;C:\Users\Asus\.m2\repository\org\springframework\spring-jdbc\6.2.3\spring-jdbc-6.2.3.jar;C:\Users\Asus\.m2\repository\org\hibernate\orm\hibernate-core\6.6.8.Final\hibernate-core-6.6.8.Final.jar;C:\Users\Asus\.m2\repository\jakarta\persistence\jakarta.persistence-api\3.1.0\jakarta.persistence-api-3.1.0.jar;C:\Users\Asus\.m2\repository\jakarta\transaction\jakarta.transaction-api\2.0.1\jakarta.transaction-api-2.0.1.jar;C:\Users\Asus\.m2\repository\org\jboss\logging\jboss-logging\3.6.1.Final\jboss-logging-3.6.1.Final.jar;C:\Users\Asus\.m2\repository\org\hibernate\common\hibernate-commons-annotations\7.0.3.Final\hibernate-commons-annotations-7.0.3.Final.jar;C:\Users\Asus\.m2\repository\io\smallrye\jandex\3.2.0\jandex-3.2.0.jar;C:\Users\Asus\.m2\repository\com\fasterxml\classmate\1.7.0\classmate-1.7.0.jar;C:\Users\Asus\.m2\repository\net\bytebuddy\byte-buddy\1.15.11\byte-buddy-1.15.11.jar;C:\Users\Asus\.m2\repository\org\glassfish\jaxb\jaxb-runtime\4.0.5\jaxb-runtime-4.0.5.jar;C:\Users\Asus\.m2\repository\org\glassfish\jaxb\jaxb-core\4.0.5\jaxb-core-4.0.5.jar;C:\Users\Asus\.m2\repository\org\eclipse\angus\angus-activation\2.0.2\angus-activation-2.0.2.jar;C:\Users\Asus\.m2\repository\org\glassfish\jaxb\txw2\4.0.5\txw2-4.0.5.jar;C:\Users\Asus\.m2\repository\com\sun\istack\istack-commons-runtime\4.1.2\istack-commons-runtime-4.1.2.jar;C:\Users\Asus\.m2\repository\org\antlr\antlr4-runtime\4.13.0\antlr4-runtime-4.13.0.jar;C:\Users\Asus\.m2\repository\org\springframework\data\spring-data-jpa\3.4.3\spring-data-jpa-3.4.3.jar;C:\Users\Asus\.m2\repository\org\springframework\data\spring-data-commons\3.4.3\spring-data-commons-3.4.3.jar;C:\Users\Asus\.m2\repository\org\springframework\spring-orm\6.2.3\spring-orm-6.2.3.jar;C:\Users\Asus\.m2\repository\org\springframework\spring-context\6.2.3\spring-context-6.2.3.jar;C:\Users\Asus\.m2\repository\org\springframework\spring-aop\6.2.3\spring-aop-6.2.3.jar;C:\Users\Asus\.m2\repository\org\springframework\spring-tx\6.2.3\spring-tx-6.2.3.jar;C:\Users\Asus\.m2\repository\org\springframework\spring-beans\6.2.3\spring-beans-6.2.3.jar;C:\Users\Asus\.m2\repository\org\springframework\spring-aspects\6.2.3\spring-aspects-6.2.3.jar;C:\Users\Asus\.m2\repository\org\aspectj\aspectjweaver\1.9.22.1\aspectjweaver-1.9.22.1.jar;C:\Users\Asus\.m2\repository\org\springframework\boot\spring-boot-starter-web\3.4.3\spring-boot-starter-web-3.4.3.jar;C:\Users\Asus\.m2\repository\org\springframework\boot\spring-boot-starter-json\3.4.3\spring-boot-starter-json-3.4.3.jar;C:\Users\Asus\.m2\repository\com\fasterxml\jackson\datatype\jackson-datatype-jdk8\2.18.2\jackson-datatype-jdk8-2.18.2.jar;C:\Users\Asus\.m2\repository\com\fasterxml\jackson\datatype\jackson-datatype-jsr310\2.18.2\jackson-datatype-jsr310-2.18.2.jar;C:\Users\Asus\.m2\repository\com\fasterxml\jackson\module\jackson-module-parameter-names\2.18.2\jackson-module-parameter-names-2.18.2.jar;C:\Users\Asus\.m2\repository\org\springframework\boot\spring-boot-starter-tomcat\3.4.3\spring-boot-starter-tomcat-3.4.3.jar;C:\Users\Asus\.m2\repository\org\apache\tomcat\embed\tomcat-embed-core\10.1.36\tomcat-embed-core-10.1.36.jar;C:\Users\Asus\.m2\repository\org\apache\tomcat\embed\tomcat-embed-el\10.1.36\tomcat-embed-el-10.1.36.jar;C:\Users\Asus\.m2\repository\org\apache\tomcat\embed\tomcat-embed-websocket\10.1.36\tomcat-embed-websocket-10.1.36.jar;C:\Users\Asus\.m2\repository\org\springframework\spring-web\6.2.3\spring-web-6.2.3.jar;C:\Users\Asus\.m2\repository\io\micrometer\micrometer-observation\1.14.4\micrometer-observation-1.14.4.jar;C:\Users\Asus\.m2\repository\io\micrometer\micrometer-commons\1.14.4\micrometer-commons-1.14.4.jar;C:\Users\Asus\.m2\repository\org\springframework\spring-webmvc\6.2.3\spring-webmvc-6.2.3.jar;C:\Users\Asus\.m2\repository\org\springframework\spring-expression\6.2.3\spring-expression-6.2.3.jar;C:\Users\Asus\.m2\repository\com\h2database\h2\2.3.232\h2-2.3.232.jar;C:\Users\Asus\.m2\repository\org\projectlombok\lombok\1.18.36\lombok-1.18.36.jar;C:\Users\Asus\.m2\repository\jakarta\xml\bind\jakarta.xml.bind-api\4.0.2\jakarta.xml.bind-api-4.0.2.jar;C:\Users\Asus\.m2\repository\jakarta\activation\jakarta.activation-api\2.1.3\jakarta.activation-api-2.1.3.jar;C:\Users\Asus\.m2\repository\org\springframework\spring-core\6.2.3\spring-core-6.2.3.jar;C:\Users\Asus\.m2\repository\org\springframework\spring-jcl\6.2.3\spring-jcl-6.2.3.jar
Launcher Type: SUN_STANDARD

[Global flags]
     intx CICompilerCount                          = 4                                         {product} {ergonomic}
     uint ConcGCThreads                            = 2                                         {product} {ergonomic}
     uint G1ConcRefinementThreads                  = 8                                         {product} {ergonomic}
   size_t G1HeapRegionSize                         = 1048576                                   {product} {ergonomic}
   size_t InitialHeapSize                          = 100663296                                 {product} {ergonomic}
     bool ManagementServer                         = true                                      {product} {command line}
   size_t MarkStackSize                            = 4194304                                   {product} {ergonomic}
   size_t MarkStackSizeMax                         = 536870912                                 {product} {ergonomic}
   size_t MaxHeapSize                              = 1598029824                                {product} {ergonomic}
   size_t MaxNewSize                               = 958398464                                 {product} {ergonomic}
   size_t MinHeapDeltaBytes                        = 1048576                                   {product} {ergonomic}
   size_t MinHeapSize                              = 8388608                                   {product} {ergonomic}
    uintx NonNMethodCodeHeapSize                   = 4096                                   {pd product} {ergonomic}
    uintx NonProfiledCodeHeapSize                  = 0                                      {pd product} {ergonomic}
     bool ProfileInterpreter                       = false                                  {pd product} {command line}
    uintx ProfiledCodeHeapSize                     = 0                                      {pd product} {ergonomic}
   size_t SoftMaxHeapSize                          = 1598029824                             {manageable} {ergonomic}
     intx TieredStopAtLevel                        = 1                                         {product} {command line}
     bool UseCompressedOops                        = true                           {product lp64_product} {ergonomic}
     bool UseG1GC                                  = true                                      {product} {ergonomic}
     bool UseLargePagesIndividualAllocation        = false                                  {pd product} {ergonomic}

Logging:
Log output configuration:
 #0: stdout all=warning uptime,level,tags foldmultilines=false
 #1: stderr all=off uptime,level,tags foldmultilines=false

Environment Variables:
JAVA_HOME=C:\Program Files\Java\jdk-17
PATH=C:\Program Files\Common Files\Oracle\Java\javapath;C:\sql_course\dbhomeXE\bin;C:\Windows\system32;C:\Windows;C:\Windows\System32\Wbem;C:\Windows\System32\WindowsPowerShell\v1.0\;C:\Windows\System32\OpenSSH\;C:\Program Files\dotnet\;C:\Program Files (x86)\NVIDIA Corporation\PhysX\Common;C:\Program Files\NVIDIA Corporation\NVIDIA NvDLISR;C:\Program Files\Docker\Docker\resources\bin;C:\Program Files\Git\cmd;C:\Program Files\Java\jdk-17\bin;C:\Grandle\gradle-8.13\bin;C:\Program Files\MySQL\MySQL Shell 8.0\bin\;C:\Users\Asus\AppData\Local\Programs\Python\Python310\Scripts\;C:\Users\Asus\AppData\Local\Programs\Python\Python310\;C:\Users\Asus\AppData\Local\Microsoft\WindowsApps;C:\Users\Asus\AppData\Local\Programs\Microsoft VS Code\bin
USERNAME=Asus
OS=Windows_NT
PROCESSOR_IDENTIFIER=AMD64 Family 23 Model 24 Stepping 1, AuthenticAMD
TMP=C:\Users\Asus\AppData\Local\Temp
TEMP=C:\Users\Asus\AppData\Local\Temp




Periodic native trim disabled

---------------  S Y S T E M  ---------------

OS:
 Windows 10 , 64 bit Build 19041 (10.0.19041.5438)
OS uptime: 7 days 4:53 hours
Hyper-V role detected

CPU: total 8 (initial active 8) (8 cores per cpu, 2 threads per core) family 23 model 24 stepping 1 microcode 0x0, cx8, cmov, fxsr, ht, mmx, 3dnowpref, sse, sse2, sse3, ssse3, sse4a, sse4.1, sse4.2, popcnt, lzcnt, tsc, tscinvbit, avx, avx2, aes, clmul, bmi1, bmi2, adx, sha, fma, vzeroupper, clflush, clflushopt, hv, rdtscp, f16c
Processor Information for the first 8 processors :
  Max Mhz: 2100, Current Mhz: 2100, Mhz Limit: 2100

Memory: 4k page, system-wide physical 6091M (326M free)
TotalPageFile size 24523M (AvailPageFile size 0M)
current process WorkingSet (physical memory assigned to process): 59M, peak: 59M
current process commit charge ("private bytes"): 182M, peak: 182M

vm_info: OpenJDK 64-Bit Server VM (23.0.2+7-58) for windows-amd64 JRE (23.0.2+7-58), built on 2024-11-29T09:34:55Z with MS VC++ 17.6 (VS2022)

END.
